<testsuites name="jest tests" tests="45" failures="36" time="33.941">
  <testsuite name="Storyshots" errors="0" failures="4" skipped="0" timestamp="2018-06-11T21:06:08" time="7.854" tests="6">
    <testcase classname="Storyshots ListItem default" name="Storyshots ListItem default" time="0.25">
      <failure>Error: expect(value).toMatchSnapshot()

Received value does not match stored snapshot 1.

- Snapshot
+ Received

@@ -44,14 +44,14 @@
           onTouchStart={[Function]}
           role=&quot;button&quot;
           tabIndex=&quot;0&quot;
         &gt;
           &lt;div
-            className=&quot;MuiListItemText-root-14 MuiListItemText-inset-15&quot;
+            className=&quot;MuiListItemText-root-15 MuiListItemText-inset-16&quot;
           /&gt;
           &lt;span
-            className=&quot;MuiTouchRipple-root-20&quot;
+            className=&quot;MuiTouchRipple-root-21&quot;
           /&gt;
         &lt;/div&gt;
       &lt;/div&gt;
       &lt;button
         onClick={[Function]}
@@ -200,50 +200,64 @@
                 }
               &gt;
                 Story Source
               &lt;/h1&gt;
               &lt;pre
-                style={
-                  Object {
-                    &quot;backgroundColor&quot;: &quot;#fafafa&quot;,
-                    &quot;fontFamily&quot;: &quot;Menlo, Monaco, &quot;Courier New&quot;, monospace&quot;,
-                    &quot;fontSize&quot;: &quot;.88em&quot;,
-                    &quot;lineHeight&quot;: 1.5,
-                    &quot;overflowX&quot;: &quot;scroll&quot;,
-                    &quot;padding&quot;: &quot;.5rem&quot;,
-                  }
-                }
+                className=&quot;css-4akams&quot;
               &gt;
-                &lt;div
-                  style={
-                    Object {
-                      &quot;paddingLeft&quot;: 18,
-                      &quot;paddingRight&quot;: 3,
-                    }
-                  }
-                &gt;
-                  &lt;span
+                &lt;div&gt;
+                  &lt;div
                     style={
                       Object {
-                        &quot;color&quot;: &quot;#777&quot;,
+                        &quot;paddingLeft&quot;: 18,
+                        &quot;paddingRight&quot;: 3,
                       }
                     }
                   &gt;
-                    &amp;lt;
-                    WithStyles(ListItems)
-                  &lt;/span&gt;
-                  &lt;span /&gt;
-                  &lt;span
-                    style={
-                      Object {
-                        &quot;color&quot;: &quot;#777&quot;,
+                    &lt;span
+                      style={
+                        Object {
+                          &quot;color&quot;: &quot;#777&quot;,
+                        }
                       }
-                    }
+                    &gt;
+                      &amp;lt;
+                      WithStyles(ListItems)
+                    &lt;/span&gt;
+                    &lt;span /&gt;
+                    &lt;span
+                      style={
+                        Object {
+                          &quot;color&quot;: &quot;#777&quot;,
+                        }
+                      }
+                    &gt;
+                      /&amp;gt;
+                    &lt;/span&gt;
+                  &lt;/div&gt;
+                &lt;/div&gt;
+                &lt;button
+                  className=&quot;css-gydez8&quot;
+                  onClick={[Function]}
+                &gt;
+                  &lt;div
+                    className=&quot;css-kv47nt&quot;
                   &gt;
-                    /&amp;gt;
-                  &lt;/span&gt;
-                &lt;/div&gt;
+                    &lt;div
+                      style={
+                        Object {
+                          &quot;marginBottom&quot;: 6,
+                        }
+                      }
+                    &gt;
+                      Copied!
+                    &lt;/div&gt;
+                    &lt;div&gt;
+                      Copy
+                    &lt;/div&gt;
+                  &lt;/div&gt;
+                &lt;/button&gt;
               &lt;/pre&gt;
             &lt;/div&gt;
             &lt;div&gt;
               &lt;h1
                 style={
    at match (/Users/pooler/Documents/ja/MapaPL/node_modules/@storybook/addon-storyshots/dist/test-bodies.js:27:22)
    at /Users/pooler/Documents/ja/MapaPL/node_modules/@storybook/addon-storyshots/dist/test-bodies.js:39:12
    at Object.&lt;anonymous&gt; (/Users/pooler/Documents/ja/MapaPL/node_modules/@storybook/addon-storyshots/dist/index.js:125:20)
    at Object.asyncFn (/Users/pooler/Documents/ja/MapaPL/node_modules/jest-jasmine2/build/jasmine-async.js:68:30)
    at resolve (/Users/pooler/Documents/ja/MapaPL/node_modules/jest-jasmine2/build/queueRunner.js:38:12)
    at new Promise (&lt;anonymous&gt;)
    at mapper (/Users/pooler/Documents/ja/MapaPL/node_modules/jest-jasmine2/build/queueRunner.js:31:21)
    at Promise.resolve.then.el (/Users/pooler/Documents/ja/MapaPL/node_modules/p-map/index.js:46:16)
    at process._tickCallback (internal/process/next_tick.js:68:7)</failure>
    </testcase>
    <testcase classname="Storyshots ListItem with data" name="Storyshots ListItem with data" time="0.761">
      <failure>Error: expect(value).toMatchSnapshot()

Received value does not match stored snapshot 1.

- Snapshot
+ Received

@@ -28,11 +28,11 @@
             &quot;zIndex&quot;: 0,
           }
         }
       &gt;
         &lt;div
-          className=&quot;MuiButtonBase-root-38 MuiListItem-root-28 MuiListItem-default-31 MuiListItem-gutters-35 MuiListItem-button-36&quot;
+          className=&quot;MuiButtonBase-root-39 MuiListItem-root-29 MuiListItem-default-32 MuiListItem-gutters-36 MuiListItem-button-37&quot;
           onBlur={[Function]}
           onClick={[Function]}
           onFocus={[Function]}
           onKeyDown={[Function]}
           onKeyUp={[Function]}
@@ -45,34 +45,34 @@
           role=&quot;button&quot;
           tabIndex=&quot;0&quot;
         &gt;
           &lt;span
             aria-hidden={true}
-            className=&quot;fa fa-menu MuiListItemIcon-root-40&quot;
+            className=&quot;fa fa-menu MuiListItemIcon-root-42&quot;
           /&gt;
           &lt;div
-            className=&quot;MuiListItemText-root-41 MuiListItemText-inset-42&quot;
+            className=&quot;MuiListItemText-root-43 MuiListItemText-inset-44&quot;
           &gt;
             &lt;h3
-              className=&quot;MuiTypography-root-47 MuiTypography-subheading-54 MuiListItemText-primary-44&quot;
+              className=&quot;MuiTypography-root-49 MuiTypography-subheading-56 MuiListItemText-primary-46&quot;
             &gt;
               Name
             &lt;/h3&gt;
           &lt;/div&gt;
           &lt;svg
             aria-hidden=&quot;true&quot;
-            className=&quot;MuiSvgIcon-root-71&quot;
+            className=&quot;MuiSvgIcon-root-73&quot;
             color={undefined}
             focusable=&quot;false&quot;
             viewBox=&quot;0 0 24 24&quot;
           &gt;
             &lt;path
               d=&quot;M16.59 8.59L12 13.17 7.41 8.59 6 10l6 6 6-6z&quot;
             /&gt;
           &lt;/svg&gt;
           &lt;span
-            className=&quot;MuiTouchRipple-root-77&quot;
+            className=&quot;MuiTouchRipple-root-79&quot;
           /&gt;
         &lt;/div&gt;
       &lt;/div&gt;
       &lt;button
         onClick={[Function]}
@@ -221,116 +221,107 @@
                 }
               &gt;
                 Story Source
               &lt;/h1&gt;
               &lt;pre
-                style={
-                  Object {
-                    &quot;backgroundColor&quot;: &quot;#fafafa&quot;,
-                    &quot;fontFamily&quot;: &quot;Menlo, Monaco, &quot;Courier New&quot;, monospace&quot;,
-                    &quot;fontSize&quot;: &quot;.88em&quot;,
-                    &quot;lineHeight&quot;: 1.5,
-                    &quot;overflowX&quot;: &quot;scroll&quot;,
-                    &quot;padding&quot;: &quot;.5rem&quot;,
-                  }
-                }
+                className=&quot;css-4akams&quot;
               &gt;
-                &lt;div
-                  style={
-                    Object {
-                      &quot;paddingLeft&quot;: 18,
-                      &quot;paddingRight&quot;: 3,
-                    }
-                  }
-                &gt;
-                  &lt;span
+                &lt;div&gt;
+                  &lt;div
                     style={
                       Object {
-                        &quot;color&quot;: &quot;#777&quot;,
+                        &quot;paddingLeft&quot;: 18,
+                        &quot;paddingRight&quot;: 3,
                       }
                     }
                   &gt;
-                    &amp;lt;
-                    WithStyles(ListItems)
-                  &lt;/span&gt;
-                  &lt;span&gt;
+                    &lt;span
+                      style={
+                        Object {
+                          &quot;color&quot;: &quot;#777&quot;,
+                        }
+                      }
+                    &gt;
+                      &amp;lt;
+                      WithStyles(ListItems)
+                    &lt;/span&gt;
                     &lt;span&gt;
                       &lt;span&gt;
-                        &lt;br /&gt;
-                          
-                      &lt;/span&gt;
-                      &lt;span
-                        style={Object {}}
-                      &gt;
-                        id
-                      &lt;/span&gt;
-                      &lt;span&gt;
-                        =
+                        &lt;span&gt;
+                          &lt;br /&gt;
+                            
+                        &lt;/span&gt;
                         &lt;span
                           style={Object {}}
                         &gt;
+                          id
+                        &lt;/span&gt;
+                        &lt;span&gt;
+                          =
                           &lt;span
-                            style={
-                              Object {
-                                &quot;color&quot;: &quot;#22a&quot;,
-                                &quot;wordBreak&quot;: &quot;break-word&quot;,
-                              }
-                            }
+                            style={Object {}}
                           &gt;
                             &quot;
-                            0
+                            &lt;span
+                              style={
+                                Object {
+                                  &quot;color&quot;: &quot;#22a&quot;,
+                                  &quot;wordBreak&quot;: &quot;break-word&quot;,
+                                }
+                              }
+                            &gt;
+                              0
+                            &lt;/span&gt;
                             &quot;
                           &lt;/span&gt;
                         &lt;/span&gt;
                       &lt;/span&gt;
-                    &lt;/span&gt;
-                    &lt;span&gt;
                       &lt;span&gt;
-                        &lt;br /&gt;
-                          
-                      &lt;/span&gt;
-                      &lt;span
-                        style={Object {}}
-                      &gt;
-                        name
-                      &lt;/span&gt;
-                      &lt;span&gt;
-                        =
+                        &lt;span&gt;
+                          &lt;br /&gt;
+                            
+                        &lt;/span&gt;
                         &lt;span
                           style={Object {}}
                         &gt;
+                          name
+                        &lt;/span&gt;
+                        &lt;span&gt;
+                          =
                           &lt;span
-                            style={
-                              Object {
-                                &quot;color&quot;: &quot;#22a&quot;,
-                                &quot;wordBreak&quot;: &quot;break-word&quot;,
-                              }
-                            }
+                            style={Object {}}
                           &gt;
                             &quot;
-                            Name
+                            &lt;span
+                              style={
+                                Object {
+                                  &quot;color&quot;: &quot;#22a&quot;,
+                                  &quot;wordBreak&quot;: &quot;break-word&quot;,
+                                }
+                              }
+                            &gt;
+                              Name
+                            &lt;/span&gt;
                             &quot;
                           &lt;/span&gt;
                         &lt;/span&gt;
                       &lt;/span&gt;
-                    &lt;/span&gt;
-                    &lt;span&gt;
                       &lt;span&gt;
-                        &lt;br /&gt;
-                          
-                      &lt;/span&gt;
-                      &lt;span
-                        style={Object {}}
-                      &gt;
-                        handleClick
-                      &lt;/span&gt;
-                      &lt;span&gt;
-                        =
+                        &lt;span&gt;
+                          &lt;br /&gt;
+                            
+                        &lt;/span&gt;
                         &lt;span
                           style={Object {}}
                         &gt;
-                          &lt;span&gt;
+                          handleClick
+                        &lt;/span&gt;
+                        &lt;span&gt;
+                          =
+                          &lt;span
+                            style={Object {}}
+                          &gt;
                             {
                             &lt;span
                               style={
                                 Object {
                                   &quot;color&quot;: &quot;#170&quot;,
@@ -341,27 +332,25 @@
                             &lt;/span&gt;
                             }
                           &lt;/span&gt;
                         &lt;/span&gt;
                       &lt;/span&gt;
-                    &lt;/span&gt;
-                    &lt;span&gt;
                       &lt;span&gt;
-                        &lt;br /&gt;
-                          
-                      &lt;/span&gt;
-                      &lt;span
-                        style={Object {}}
-                      &gt;
-                        onSelectPlace
-                      &lt;/span&gt;
-                      &lt;span&gt;
-                        =
+                        &lt;span&gt;
+                          &lt;br /&gt;
+                            
+                        &lt;/span&gt;
                         &lt;span
                           style={Object {}}
                         &gt;
-                          &lt;span&gt;
+                          onSelectPlace
+                        &lt;/span&gt;
+                        &lt;span&gt;
+                          =
+                          &lt;span
+                            style={Object {}}
+                          &gt;
                             {
                             &lt;span
                               style={
                                 Object {
                                   &quot;color&quot;: &quot;#170&quot;,
@@ -372,169 +361,212 @@
                             &lt;/span&gt;
                             }
                           &lt;/span&gt;
                         &lt;/span&gt;
                       &lt;/span&gt;
-                    &lt;/span&gt;
-                    &lt;span&gt;
                       &lt;span&gt;
-                        &lt;br /&gt;
-                          
-                      &lt;/span&gt;
-                      &lt;span
-                        style={Object {}}
-                      &gt;
-                        icon
-                      &lt;/span&gt;
-                      &lt;span&gt;
-                        =
+                        &lt;span&gt;
+                          &lt;br /&gt;
+                            
+                        &lt;/span&gt;
                         &lt;span
                           style={Object {}}
                         &gt;
+                          icon
+                        &lt;/span&gt;
+                        &lt;span&gt;
+                          =
                           &lt;span
-                            style={
-                              Object {
-                                &quot;color&quot;: &quot;#22a&quot;,
-                                &quot;wordBreak&quot;: &quot;break-word&quot;,
-                              }
-                            }
+                            style={Object {}}
                           &gt;
                             &quot;
-                            menu
+                            &lt;span
+                              style={
+                                Object {
+                                  &quot;color&quot;: &quot;#22a&quot;,
+                                  &quot;wordBreak&quot;: &quot;break-word&quot;,
+                                }
+                              }
+                            &gt;
+                              menu
+                            &lt;/span&gt;
                             &quot;
                           &lt;/span&gt;
                         &lt;/span&gt;
                       &lt;/span&gt;
-                    &lt;/span&gt;
-                    &lt;span&gt;
                       &lt;span&gt;
-                        &lt;br /&gt;
-                          
-                      &lt;/span&gt;
-                      &lt;span
-                        style={Object {}}
-                      &gt;
-                        subcategory
-                      &lt;/span&gt;
-                      &lt;span&gt;
-                        =
+                        &lt;span&gt;
+                          &lt;br /&gt;
+                            
+                        &lt;/span&gt;
                         &lt;span
                           style={Object {}}
                         &gt;
-                          &lt;span&gt;
+                          subcategory
+                        &lt;/span&gt;
+                        &lt;span&gt;
+                          =
+                          &lt;span
+                            style={Object {}}
+                          &gt;
                             {
                             &lt;span
                               style={
                                 Object {
                                   &quot;color&quot;: &quot;#666&quot;,
                                 }
                               }
                             &gt;
                               [
                               &lt;span&gt;
-                                {
                                 &lt;span
                                   style={
                                     Object {
                                       &quot;color&quot;: &quot;#666&quot;,
                                     }
                                   }
                                 &gt;
                                   {
-                                  &lt;span
-                                    style={
-                                      Object {
-                                        &quot;color&quot;: &quot;#666&quot;,
+                                  &lt;span&gt;
+                                    &lt;span&gt;
+                                      &lt;br /&gt;
+                                          
+                                        
+                                    &lt;/span&gt;
+                                    &lt;span
+                                      style={
+                                        Object {
+                                          &quot;color&quot;: &quot;#666&quot;,
+                                        }
                                       }
-                                    }
-                                  &gt;
-                                    id
+                                    &gt;
+                                      id
+                                    &lt;/span&gt;
                                   &lt;/span&gt;
                                   : 
                                   &lt;span
                                     style={
                                       Object {
                                         &quot;color&quot;: &quot;#22a&quot;,
                                         &quot;wordBreak&quot;: &quot;break-word&quot;,
                                       }
                                     }
                                   &gt;
-                                    &quot;
-                                    1
-                                    &quot;
+                                    &apos;1&apos;
                                   &lt;/span&gt;
-                                  , 
-                                  &lt;span
-                                    style={
-                                      Object {
-                                        &quot;color&quot;: &quot;#666&quot;,
+                                  ,
+                                  &lt;span&gt;
+                                    &lt;span&gt;
+                                      &lt;br /&gt;
+                                          
+                                        
+                                    &lt;/span&gt;
+                                    &lt;span
+                                      style={
+                                        Object {
+                                          &quot;color&quot;: &quot;#666&quot;,
+                                        }
                                       }
-                                    }
-                                  &gt;
-                                    name
+                                    &gt;
+                                      name
+                                    &lt;/span&gt;
                                   &lt;/span&gt;
                                   : 
                                   &lt;span
                                     style={
                                       Object {
                                         &quot;color&quot;: &quot;#22a&quot;,
                                         &quot;wordBreak&quot;: &quot;break-word&quot;,
                                       }
                                     }
                                   &gt;
-                                    &quot;
-                                    Name
-                                    &quot;
+                                    &apos;Name&apos;
                                   &lt;/span&gt;
-                                  , 
-                                  &lt;span
-                                    style={
-                                      Object {
-                                        &quot;color&quot;: &quot;#666&quot;,
+                                  ,
+                                  &lt;span&gt;
+                                    &lt;span&gt;
+                                      &lt;br /&gt;
+                                          
+                                        
+                                    &lt;/span&gt;
+                                    &lt;span
+                                      style={
+                                        Object {
+                                          &quot;color&quot;: &quot;#666&quot;,
+                                        }
                                       }
-                                    }
-                                  &gt;
-                                    icon
+                                    &gt;
+                                      icon
+                                    &lt;/span&gt;
                                   &lt;/span&gt;
                                   : 
                                   &lt;span
                                     style={
                                       Object {
                                         &quot;color&quot;: &quot;#22a&quot;,
                                         &quot;wordBreak&quot;: &quot;break-word&quot;,
                                       }
                                     }
                                   &gt;
-                                    &quot;
-                                    menu
-                                    &quot;
+                                    &apos;menu&apos;
                                   &lt;/span&gt;
-                                  , 
-                                  …
+                                  ,
+                                  &lt;span&gt;
+                                    &lt;span&gt;
+                                      &lt;br /&gt;
+                                          
+                                        
+                                    &lt;/span&gt;
+                                    …
+                                  &lt;/span&gt;
+                                  &lt;span&gt;
+                                    &lt;br /&gt;
+                                        
+                                  &lt;/span&gt;
                                   }
                                 &lt;/span&gt;
-                                }
                               &lt;/span&gt;
                               ]
                             &lt;/span&gt;
                             }
                           &lt;/span&gt;
                         &lt;/span&gt;
+                        &lt;br /&gt;
                       &lt;/span&gt;
-                      &lt;br /&gt;
                     &lt;/span&gt;
-                  &lt;/span&gt;
-                  &lt;span
-                    style={
-                      Object {
-                        &quot;color&quot;: &quot;#777&quot;,
+                    &lt;span
+                      style={
+                        Object {
+                          &quot;color&quot;: &quot;#777&quot;,
+                        }
                       }
-                    }
+                    &gt;
+                      /&amp;gt;
+                    &lt;/span&gt;
+                  &lt;/div&gt;
+                &lt;/div&gt;
+                &lt;button
+                  className=&quot;css-gydez8&quot;
+                  onClick={[Function]}
+                &gt;
+                  &lt;div
+                    className=&quot;css-kv47nt&quot;
                   &gt;
-                    /&amp;gt;
-                  &lt;/span&gt;
-                &lt;/div&gt;
+                    &lt;div
+                      style={
+                        Object {
+                          &quot;marginBottom&quot;: 6,
+                        }
+                      }
+                    &gt;
+                      Copied!
+                    &lt;/div&gt;
+                    &lt;div&gt;
+                      Copy
+                    &lt;/div&gt;
+                  &lt;/div&gt;
+                &lt;/button&gt;
               &lt;/pre&gt;
             &lt;/div&gt;
             &lt;div&gt;
               &lt;h1
                 style={
    at match (/Users/pooler/Documents/ja/MapaPL/node_modules/@storybook/addon-storyshots/dist/test-bodies.js:27:22)
    at /Users/pooler/Documents/ja/MapaPL/node_modules/@storybook/addon-storyshots/dist/test-bodies.js:39:12
    at Object.&lt;anonymous&gt; (/Users/pooler/Documents/ja/MapaPL/node_modules/@storybook/addon-storyshots/dist/index.js:125:20)
    at Object.asyncFn (/Users/pooler/Documents/ja/MapaPL/node_modules/jest-jasmine2/build/jasmine-async.js:68:30)
    at resolve (/Users/pooler/Documents/ja/MapaPL/node_modules/jest-jasmine2/build/queueRunner.js:38:12)
    at new Promise (&lt;anonymous&gt;)
    at mapper (/Users/pooler/Documents/ja/MapaPL/node_modules/jest-jasmine2/build/queueRunner.js:31:21)
    at Promise.resolve.then.el (/Users/pooler/Documents/ja/MapaPL/node_modules/p-map/index.js:46:16)
    at process._tickCallback (internal/process/next_tick.js:68:7)</failure>
    </testcase>
    <testcase classname="Storyshots ListItem with data and icon" name="Storyshots ListItem with data and icon" time="0.8">
      <failure>Error: expect(value).toMatchSnapshot()

Received value does not match stored snapshot 1.

- Snapshot
+ Received

@@ -28,11 +28,11 @@
             &quot;zIndex&quot;: 0,
           }
         }
       &gt;
         &lt;div
-          className=&quot;MuiButtonBase-root-99 MuiListItem-root-89 MuiListItem-default-92 MuiListItem-gutters-96 MuiListItem-button-97&quot;
+          className=&quot;MuiButtonBase-root-101 MuiListItem-root-91 MuiListItem-default-94 MuiListItem-gutters-98 MuiListItem-button-99&quot;
           onBlur={[Function]}
           onClick={[Function]}
           onFocus={[Function]}
           onKeyDown={[Function]}
           onKeyUp={[Function]}
@@ -45,34 +45,34 @@
           role=&quot;button&quot;
           tabIndex=&quot;0&quot;
         &gt;
           &lt;span
             aria-hidden={true}
-            className=&quot;fa fa-menu MuiListItemIcon-root-101&quot;
+            className=&quot;fa fa-menu MuiListItemIcon-root-104&quot;
           /&gt;
           &lt;div
-            className=&quot;MuiListItemText-root-102 MuiListItemText-inset-103&quot;
+            className=&quot;MuiListItemText-root-105 MuiListItemText-inset-106&quot;
           &gt;
             &lt;h3
-              className=&quot;MuiTypography-root-108 MuiTypography-subheading-115 MuiListItemText-primary-105&quot;
+              className=&quot;MuiTypography-root-111 MuiTypography-subheading-118 MuiListItemText-primary-108&quot;
             &gt;
               Name
             &lt;/h3&gt;
           &lt;/div&gt;
           &lt;svg
             aria-hidden=&quot;true&quot;
-            className=&quot;MuiSvgIcon-root-132&quot;
+            className=&quot;MuiSvgIcon-root-135&quot;
             color={undefined}
             focusable=&quot;false&quot;
             viewBox=&quot;0 0 24 24&quot;
           &gt;
             &lt;path
               d=&quot;M16.59 8.59L12 13.17 7.41 8.59 6 10l6 6 6-6z&quot;
             /&gt;
           &lt;/svg&gt;
           &lt;span
-            className=&quot;MuiTouchRipple-root-138&quot;
+            className=&quot;MuiTouchRipple-root-141&quot;
           /&gt;
         &lt;/div&gt;
       &lt;/div&gt;
       &lt;button
         onClick={[Function]}
@@ -221,116 +221,107 @@
                 }
               &gt;
                 Story Source
               &lt;/h1&gt;
               &lt;pre
-                style={
-                  Object {
-                    &quot;backgroundColor&quot;: &quot;#fafafa&quot;,
-                    &quot;fontFamily&quot;: &quot;Menlo, Monaco, &quot;Courier New&quot;, monospace&quot;,
-                    &quot;fontSize&quot;: &quot;.88em&quot;,
-                    &quot;lineHeight&quot;: 1.5,
-                    &quot;overflowX&quot;: &quot;scroll&quot;,
-                    &quot;padding&quot;: &quot;.5rem&quot;,
-                  }
-                }
+                className=&quot;css-4akams&quot;
               &gt;
-                &lt;div
-                  style={
-                    Object {
-                      &quot;paddingLeft&quot;: 18,
-                      &quot;paddingRight&quot;: 3,
-                    }
-                  }
-                &gt;
-                  &lt;span
+                &lt;div&gt;
+                  &lt;div
                     style={
                       Object {
-                        &quot;color&quot;: &quot;#777&quot;,
+                        &quot;paddingLeft&quot;: 18,
+                        &quot;paddingRight&quot;: 3,
                       }
                     }
                   &gt;
-                    &amp;lt;
-                    WithStyles(ListItems)
-                  &lt;/span&gt;
-                  &lt;span&gt;
+                    &lt;span
+                      style={
+                        Object {
+                          &quot;color&quot;: &quot;#777&quot;,
+                        }
+                      }
+                    &gt;
+                      &amp;lt;
+                      WithStyles(ListItems)
+                    &lt;/span&gt;
                     &lt;span&gt;
                       &lt;span&gt;
-                        &lt;br /&gt;
-                          
-                      &lt;/span&gt;
-                      &lt;span
-                        style={Object {}}
-                      &gt;
-                        id
-                      &lt;/span&gt;
-                      &lt;span&gt;
-                        =
+                        &lt;span&gt;
+                          &lt;br /&gt;
+                            
+                        &lt;/span&gt;
                         &lt;span
                           style={Object {}}
                         &gt;
+                          id
+                        &lt;/span&gt;
+                        &lt;span&gt;
+                          =
                           &lt;span
-                            style={
-                              Object {
-                                &quot;color&quot;: &quot;#22a&quot;,
-                                &quot;wordBreak&quot;: &quot;break-word&quot;,
-                              }
-                            }
+                            style={Object {}}
                           &gt;
                             &quot;
-                            0
+                            &lt;span
+                              style={
+                                Object {
+                                  &quot;color&quot;: &quot;#22a&quot;,
+                                  &quot;wordBreak&quot;: &quot;break-word&quot;,
+                                }
+                              }
+                            &gt;
+                              0
+                            &lt;/span&gt;
                             &quot;
                           &lt;/span&gt;
                         &lt;/span&gt;
                       &lt;/span&gt;
-                    &lt;/span&gt;
-                    &lt;span&gt;
                       &lt;span&gt;
-                        &lt;br /&gt;
-                          
-                      &lt;/span&gt;
-                      &lt;span
-                        style={Object {}}
-                      &gt;
-                        name
-                      &lt;/span&gt;
-                      &lt;span&gt;
-                        =
+                        &lt;span&gt;
+                          &lt;br /&gt;
+                            
+                        &lt;/span&gt;
                         &lt;span
                           style={Object {}}
                         &gt;
+                          name
+                        &lt;/span&gt;
+                        &lt;span&gt;
+                          =
                           &lt;span
-                            style={
-                              Object {
-                                &quot;color&quot;: &quot;#22a&quot;,
-                                &quot;wordBreak&quot;: &quot;break-word&quot;,
-                              }
-                            }
+                            style={Object {}}
                           &gt;
                             &quot;
-                            Name
+                            &lt;span
+                              style={
+                                Object {
+                                  &quot;color&quot;: &quot;#22a&quot;,
+                                  &quot;wordBreak&quot;: &quot;break-word&quot;,
+                                }
+                              }
+                            &gt;
+                              Name
+                            &lt;/span&gt;
                             &quot;
                           &lt;/span&gt;
                         &lt;/span&gt;
                       &lt;/span&gt;
-                    &lt;/span&gt;
-                    &lt;span&gt;
                       &lt;span&gt;
-                        &lt;br /&gt;
-                          
-                      &lt;/span&gt;
-                      &lt;span
-                        style={Object {}}
-                      &gt;
-                        handleClick
-                      &lt;/span&gt;
-                      &lt;span&gt;
-                        =
+                        &lt;span&gt;
+                          &lt;br /&gt;
+                            
+                        &lt;/span&gt;
                         &lt;span
                           style={Object {}}
                         &gt;
-                          &lt;span&gt;
+                          handleClick
+                        &lt;/span&gt;
+                        &lt;span&gt;
+                          =
+                          &lt;span
+                            style={Object {}}
+                          &gt;
                             {
                             &lt;span
                               style={
                                 Object {
                                   &quot;color&quot;: &quot;#170&quot;,
@@ -341,27 +332,25 @@
                             &lt;/span&gt;
                             }
                           &lt;/span&gt;
                         &lt;/span&gt;
                       &lt;/span&gt;
-                    &lt;/span&gt;
-                    &lt;span&gt;
                       &lt;span&gt;
-                        &lt;br /&gt;
-                          
-                      &lt;/span&gt;
-                      &lt;span
-                        style={Object {}}
-                      &gt;
-                        onSelectPlace
-                      &lt;/span&gt;
-                      &lt;span&gt;
-                        =
+                        &lt;span&gt;
+                          &lt;br /&gt;
+                            
+                        &lt;/span&gt;
                         &lt;span
                           style={Object {}}
                         &gt;
-                          &lt;span&gt;
+                          onSelectPlace
+                        &lt;/span&gt;
+                        &lt;span&gt;
+                          =
+                          &lt;span
+                            style={Object {}}
+                          &gt;
                             {
                             &lt;span
                               style={
                                 Object {
                                   &quot;color&quot;: &quot;#170&quot;,
@@ -372,169 +361,212 @@
                             &lt;/span&gt;
                             }
                           &lt;/span&gt;
                         &lt;/span&gt;
                       &lt;/span&gt;
-                    &lt;/span&gt;
-                    &lt;span&gt;
                       &lt;span&gt;
-                        &lt;br /&gt;
-                          
-                      &lt;/span&gt;
-                      &lt;span
-                        style={Object {}}
-                      &gt;
-                        icon
-                      &lt;/span&gt;
-                      &lt;span&gt;
-                        =
+                        &lt;span&gt;
+                          &lt;br /&gt;
+                            
+                        &lt;/span&gt;
                         &lt;span
                           style={Object {}}
                         &gt;
+                          icon
+                        &lt;/span&gt;
+                        &lt;span&gt;
+                          =
                           &lt;span
-                            style={
-                              Object {
-                                &quot;color&quot;: &quot;#22a&quot;,
-                                &quot;wordBreak&quot;: &quot;break-word&quot;,
-                              }
-                            }
+                            style={Object {}}
                           &gt;
                             &quot;
-                            menu
+                            &lt;span
+                              style={
+                                Object {
+                                  &quot;color&quot;: &quot;#22a&quot;,
+                                  &quot;wordBreak&quot;: &quot;break-word&quot;,
+                                }
+                              }
+                            &gt;
+                              menu
+                            &lt;/span&gt;
                             &quot;
                           &lt;/span&gt;
                         &lt;/span&gt;
                       &lt;/span&gt;
-                    &lt;/span&gt;
-                    &lt;span&gt;
                       &lt;span&gt;
-                        &lt;br /&gt;
-                          
-                      &lt;/span&gt;
-                      &lt;span
-                        style={Object {}}
-                      &gt;
-                        subcategory
-                      &lt;/span&gt;
-                      &lt;span&gt;
-                        =
+                        &lt;span&gt;
+                          &lt;br /&gt;
+                            
+                        &lt;/span&gt;
                         &lt;span
                           style={Object {}}
                         &gt;
-                          &lt;span&gt;
+                          subcategory
+                        &lt;/span&gt;
+                        &lt;span&gt;
+                          =
+                          &lt;span
+                            style={Object {}}
+                          &gt;
                             {
                             &lt;span
                               style={
                                 Object {
                                   &quot;color&quot;: &quot;#666&quot;,
                                 }
                               }
                             &gt;
                               [
                               &lt;span&gt;
-                                {
                                 &lt;span
                                   style={
                                     Object {
                                       &quot;color&quot;: &quot;#666&quot;,
                                     }
                                   }
                                 &gt;
                                   {
-                                  &lt;span
-                                    style={
-                                      Object {
-                                        &quot;color&quot;: &quot;#666&quot;,
+                                  &lt;span&gt;
+                                    &lt;span&gt;
+                                      &lt;br /&gt;
+                                          
+                                        
+                                    &lt;/span&gt;
+                                    &lt;span
+                                      style={
+                                        Object {
+                                          &quot;color&quot;: &quot;#666&quot;,
+                                        }
                                       }
-                                    }
-                                  &gt;
-                                    id
+                                    &gt;
+                                      id
+                                    &lt;/span&gt;
                                   &lt;/span&gt;
                                   : 
                                   &lt;span
                                     style={
                                       Object {
                                         &quot;color&quot;: &quot;#22a&quot;,
                                         &quot;wordBreak&quot;: &quot;break-word&quot;,
                                       }
                                     }
                                   &gt;
-                                    &quot;
-                                    1
-                                    &quot;
+                                    &apos;1&apos;
                                   &lt;/span&gt;
-                                  , 
-                                  &lt;span
-                                    style={
-                                      Object {
-                                        &quot;color&quot;: &quot;#666&quot;,
+                                  ,
+                                  &lt;span&gt;
+                                    &lt;span&gt;
+                                      &lt;br /&gt;
+                                          
+                                        
+                                    &lt;/span&gt;
+                                    &lt;span
+                                      style={
+                                        Object {
+                                          &quot;color&quot;: &quot;#666&quot;,
+                                        }
                                       }
-                                    }
-                                  &gt;
-                                    name
+                                    &gt;
+                                      name
+                                    &lt;/span&gt;
                                   &lt;/span&gt;
                                   : 
                                   &lt;span
                                     style={
                                       Object {
                                         &quot;color&quot;: &quot;#22a&quot;,
                                         &quot;wordBreak&quot;: &quot;break-word&quot;,
                                       }
                                     }
                                   &gt;
-                                    &quot;
-                                    Name
-                                    &quot;
+                                    &apos;Name&apos;
                                   &lt;/span&gt;
-                                  , 
-                                  &lt;span
-                                    style={
-                                      Object {
-                                        &quot;color&quot;: &quot;#666&quot;,
+                                  ,
+                                  &lt;span&gt;
+                                    &lt;span&gt;
+                                      &lt;br /&gt;
+                                          
+                                        
+                                    &lt;/span&gt;
+                                    &lt;span
+                                      style={
+                                        Object {
+                                          &quot;color&quot;: &quot;#666&quot;,
+                                        }
                                       }
-                                    }
-                                  &gt;
-                                    icon
+                                    &gt;
+                                      icon
+                                    &lt;/span&gt;
                                   &lt;/span&gt;
                                   : 
                                   &lt;span
                                     style={
                                       Object {
                                         &quot;color&quot;: &quot;#22a&quot;,
                                         &quot;wordBreak&quot;: &quot;break-word&quot;,
                                       }
                                     }
                                   &gt;
-                                    &quot;
-                                    menu
-                                    &quot;
+                                    &apos;menu&apos;
                                   &lt;/span&gt;
-                                  , 
-                                  …
+                                  ,
+                                  &lt;span&gt;
+                                    &lt;span&gt;
+                                      &lt;br /&gt;
+                                          
+                                        
+                                    &lt;/span&gt;
+                                    …
+                                  &lt;/span&gt;
+                                  &lt;span&gt;
+                                    &lt;br /&gt;
+                                        
+                                  &lt;/span&gt;
                                   }
                                 &lt;/span&gt;
-                                }
                               &lt;/span&gt;
                               ]
                             &lt;/span&gt;
                             }
                           &lt;/span&gt;
                         &lt;/span&gt;
+                        &lt;br /&gt;
                       &lt;/span&gt;
-                      &lt;br /&gt;
                     &lt;/span&gt;
-                  &lt;/span&gt;
-                  &lt;span
-                    style={
-                      Object {
-                        &quot;color&quot;: &quot;#777&quot;,
+                    &lt;span
+                      style={
+                        Object {
+                          &quot;color&quot;: &quot;#777&quot;,
+                        }
                       }
-                    }
+                    &gt;
+                      /&amp;gt;
+                    &lt;/span&gt;
+                  &lt;/div&gt;
+                &lt;/div&gt;
+                &lt;button
+                  className=&quot;css-gydez8&quot;
+                  onClick={[Function]}
+                &gt;
+                  &lt;div
+                    className=&quot;css-kv47nt&quot;
                   &gt;
-                    /&amp;gt;
-                  &lt;/span&gt;
-                &lt;/div&gt;
+                    &lt;div
+                      style={
+                        Object {
+                          &quot;marginBottom&quot;: 6,
+                        }
+                      }
+                    &gt;
+                      Copied!
+                    &lt;/div&gt;
+                    &lt;div&gt;
+                      Copy
+                    &lt;/div&gt;
+                  &lt;/div&gt;
+                &lt;/button&gt;
               &lt;/pre&gt;
             &lt;/div&gt;
             &lt;div&gt;
               &lt;h1
                 style={
    at match (/Users/pooler/Documents/ja/MapaPL/node_modules/@storybook/addon-storyshots/dist/test-bodies.js:27:22)
    at /Users/pooler/Documents/ja/MapaPL/node_modules/@storybook/addon-storyshots/dist/test-bodies.js:39:12
    at Object.&lt;anonymous&gt; (/Users/pooler/Documents/ja/MapaPL/node_modules/@storybook/addon-storyshots/dist/index.js:125:20)
    at Object.asyncFn (/Users/pooler/Documents/ja/MapaPL/node_modules/jest-jasmine2/build/jasmine-async.js:68:30)
    at resolve (/Users/pooler/Documents/ja/MapaPL/node_modules/jest-jasmine2/build/queueRunner.js:38:12)
    at new Promise (&lt;anonymous&gt;)
    at mapper (/Users/pooler/Documents/ja/MapaPL/node_modules/jest-jasmine2/build/queueRunner.js:31:21)
    at Promise.resolve.then.el (/Users/pooler/Documents/ja/MapaPL/node_modules/p-map/index.js:46:16)
    at process._tickCallback (internal/process/next_tick.js:68:7)</failure>
    </testcase>
    <testcase classname="Storyshots ListItem with data, icon and subcategories" name="Storyshots ListItem with data, icon and subcategories" time="0.781">
      <failure>Error: expect(value).toMatchSnapshot()

Received value does not match stored snapshot 1.

- Snapshot
+ Received

@@ -28,11 +28,11 @@
             &quot;zIndex&quot;: 0,
           }
         }
       &gt;
         &lt;div
-          className=&quot;MuiButtonBase-root-160 MuiListItem-root-150 MuiListItem-default-153 MuiListItem-gutters-157 MuiListItem-button-158&quot;
+          className=&quot;MuiButtonBase-root-163 MuiListItem-root-153 MuiListItem-default-156 MuiListItem-gutters-160 MuiListItem-button-161&quot;
           onBlur={[Function]}
           onClick={[Function]}
           onFocus={[Function]}
           onKeyDown={[Function]}
           onKeyUp={[Function]}
@@ -45,34 +45,34 @@
           role=&quot;button&quot;
           tabIndex=&quot;0&quot;
         &gt;
           &lt;span
             aria-hidden={true}
-            className=&quot;fa fa-menu MuiListItemIcon-root-162&quot;
+            className=&quot;fa fa-menu MuiListItemIcon-root-166&quot;
           /&gt;
           &lt;div
-            className=&quot;MuiListItemText-root-163 MuiListItemText-inset-164&quot;
+            className=&quot;MuiListItemText-root-167 MuiListItemText-inset-168&quot;
           &gt;
             &lt;h3
-              className=&quot;MuiTypography-root-169 MuiTypography-subheading-176 MuiListItemText-primary-166&quot;
+              className=&quot;MuiTypography-root-173 MuiTypography-subheading-180 MuiListItemText-primary-170&quot;
             &gt;
               Name
             &lt;/h3&gt;
           &lt;/div&gt;
           &lt;svg
             aria-hidden=&quot;true&quot;
-            className=&quot;MuiSvgIcon-root-193&quot;
+            className=&quot;MuiSvgIcon-root-197&quot;
             color={undefined}
             focusable=&quot;false&quot;
             viewBox=&quot;0 0 24 24&quot;
           &gt;
             &lt;path
               d=&quot;M16.59 8.59L12 13.17 7.41 8.59 6 10l6 6 6-6z&quot;
             /&gt;
           &lt;/svg&gt;
           &lt;span
-            className=&quot;MuiTouchRipple-root-199&quot;
+            className=&quot;MuiTouchRipple-root-203&quot;
           /&gt;
         &lt;/div&gt;
       &lt;/div&gt;
       &lt;button
         onClick={[Function]}
@@ -221,116 +221,107 @@
                 }
               &gt;
                 Story Source
               &lt;/h1&gt;
               &lt;pre
-                style={
-                  Object {
-                    &quot;backgroundColor&quot;: &quot;#fafafa&quot;,
-                    &quot;fontFamily&quot;: &quot;Menlo, Monaco, &quot;Courier New&quot;, monospace&quot;,
-                    &quot;fontSize&quot;: &quot;.88em&quot;,
-                    &quot;lineHeight&quot;: 1.5,
-                    &quot;overflowX&quot;: &quot;scroll&quot;,
-                    &quot;padding&quot;: &quot;.5rem&quot;,
-                  }
-                }
+                className=&quot;css-4akams&quot;
               &gt;
-                &lt;div
-                  style={
-                    Object {
-                      &quot;paddingLeft&quot;: 18,
-                      &quot;paddingRight&quot;: 3,
-                    }
-                  }
-                &gt;
-                  &lt;span
+                &lt;div&gt;
+                  &lt;div
                     style={
                       Object {
-                        &quot;color&quot;: &quot;#777&quot;,
+                        &quot;paddingLeft&quot;: 18,
+                        &quot;paddingRight&quot;: 3,
                       }
                     }
                   &gt;
-                    &amp;lt;
-                    WithStyles(ListItems)
-                  &lt;/span&gt;
-                  &lt;span&gt;
+                    &lt;span
+                      style={
+                        Object {
+                          &quot;color&quot;: &quot;#777&quot;,
+                        }
+                      }
+                    &gt;
+                      &amp;lt;
+                      WithStyles(ListItems)
+                    &lt;/span&gt;
                     &lt;span&gt;
                       &lt;span&gt;
-                        &lt;br /&gt;
-                          
-                      &lt;/span&gt;
-                      &lt;span
-                        style={Object {}}
-                      &gt;
-                        id
-                      &lt;/span&gt;
-                      &lt;span&gt;
-                        =
+                        &lt;span&gt;
+                          &lt;br /&gt;
+                            
+                        &lt;/span&gt;
                         &lt;span
                           style={Object {}}
                         &gt;
+                          id
+                        &lt;/span&gt;
+                        &lt;span&gt;
+                          =
                           &lt;span
-                            style={
-                              Object {
-                                &quot;color&quot;: &quot;#22a&quot;,
-                                &quot;wordBreak&quot;: &quot;break-word&quot;,
-                              }
-                            }
+                            style={Object {}}
                           &gt;
                             &quot;
-                            0
+                            &lt;span
+                              style={
+                                Object {
+                                  &quot;color&quot;: &quot;#22a&quot;,
+                                  &quot;wordBreak&quot;: &quot;break-word&quot;,
+                                }
+                              }
+                            &gt;
+                              0
+                            &lt;/span&gt;
                             &quot;
                           &lt;/span&gt;
                         &lt;/span&gt;
                       &lt;/span&gt;
-                    &lt;/span&gt;
-                    &lt;span&gt;
                       &lt;span&gt;
-                        &lt;br /&gt;
-                          
-                      &lt;/span&gt;
-                      &lt;span
-                        style={Object {}}
-                      &gt;
-                        name
-                      &lt;/span&gt;
-                      &lt;span&gt;
-                        =
+                        &lt;span&gt;
+                          &lt;br /&gt;
+                            
+                        &lt;/span&gt;
                         &lt;span
                           style={Object {}}
                         &gt;
+                          name
+                        &lt;/span&gt;
+                        &lt;span&gt;
+                          =
                           &lt;span
-                            style={
-                              Object {
-                                &quot;color&quot;: &quot;#22a&quot;,
-                                &quot;wordBreak&quot;: &quot;break-word&quot;,
-                              }
-                            }
+                            style={Object {}}
                           &gt;
                             &quot;
-                            Name
+                            &lt;span
+                              style={
+                                Object {
+                                  &quot;color&quot;: &quot;#22a&quot;,
+                                  &quot;wordBreak&quot;: &quot;break-word&quot;,
+                                }
+                              }
+                            &gt;
+                              Name
+                            &lt;/span&gt;
                             &quot;
                           &lt;/span&gt;
                         &lt;/span&gt;
                       &lt;/span&gt;
-                    &lt;/span&gt;
-                    &lt;span&gt;
                       &lt;span&gt;
-                        &lt;br /&gt;
-                          
-                      &lt;/span&gt;
-                      &lt;span
-                        style={Object {}}
-                      &gt;
-                        handleClick
-                      &lt;/span&gt;
-                      &lt;span&gt;
-                        =
+                        &lt;span&gt;
+                          &lt;br /&gt;
+                            
+                        &lt;/span&gt;
                         &lt;span
                           style={Object {}}
                         &gt;
-                          &lt;span&gt;
+                          handleClick
+                        &lt;/span&gt;
+                        &lt;span&gt;
+                          =
+                          &lt;span
+                            style={Object {}}
+                          &gt;
                             {
                             &lt;span
                               style={
                                 Object {
                                   &quot;color&quot;: &quot;#170&quot;,
@@ -341,27 +332,25 @@
                             &lt;/span&gt;
                             }
                           &lt;/span&gt;
                         &lt;/span&gt;
                       &lt;/span&gt;
-                    &lt;/span&gt;
-                    &lt;span&gt;
                       &lt;span&gt;
-                        &lt;br /&gt;
-                          
-                      &lt;/span&gt;
-                      &lt;span
-                        style={Object {}}
-                      &gt;
-                        onSelectPlace
-                      &lt;/span&gt;
-                      &lt;span&gt;
-                        =
+                        &lt;span&gt;
+                          &lt;br /&gt;
+                            
+                        &lt;/span&gt;
                         &lt;span
                           style={Object {}}
                         &gt;
-                          &lt;span&gt;
+                          onSelectPlace
+                        &lt;/span&gt;
+                        &lt;span&gt;
+                          =
+                          &lt;span
+                            style={Object {}}
+                          &gt;
                             {
                             &lt;span
                               style={
                                 Object {
                                   &quot;color&quot;: &quot;#170&quot;,
@@ -372,169 +361,212 @@
                             &lt;/span&gt;
                             }
                           &lt;/span&gt;
                         &lt;/span&gt;
                       &lt;/span&gt;
-                    &lt;/span&gt;
-                    &lt;span&gt;
                       &lt;span&gt;
-                        &lt;br /&gt;
-                          
-                      &lt;/span&gt;
-                      &lt;span
-                        style={Object {}}
-                      &gt;
-                        icon
-                      &lt;/span&gt;
-                      &lt;span&gt;
-                        =
+                        &lt;span&gt;
+                          &lt;br /&gt;
+                            
+                        &lt;/span&gt;
                         &lt;span
                           style={Object {}}
                         &gt;
+                          icon
+                        &lt;/span&gt;
+                        &lt;span&gt;
+                          =
                           &lt;span
-                            style={
-                              Object {
-                                &quot;color&quot;: &quot;#22a&quot;,
-                                &quot;wordBreak&quot;: &quot;break-word&quot;,
-                              }
-                            }
+                            style={Object {}}
                           &gt;
                             &quot;
-                            menu
+                            &lt;span
+                              style={
+                                Object {
+                                  &quot;color&quot;: &quot;#22a&quot;,
+                                  &quot;wordBreak&quot;: &quot;break-word&quot;,
+                                }
+                              }
+                            &gt;
+                              menu
+                            &lt;/span&gt;
                             &quot;
                           &lt;/span&gt;
                         &lt;/span&gt;
                       &lt;/span&gt;
-                    &lt;/span&gt;
-                    &lt;span&gt;
                       &lt;span&gt;
-                        &lt;br /&gt;
-                          
-                      &lt;/span&gt;
-                      &lt;span
-                        style={Object {}}
-                      &gt;
-                        subcategory
-                      &lt;/span&gt;
-                      &lt;span&gt;
-                        =
+                        &lt;span&gt;
+                          &lt;br /&gt;
+                            
+                        &lt;/span&gt;
                         &lt;span
                           style={Object {}}
                         &gt;
-                          &lt;span&gt;
+                          subcategory
+                        &lt;/span&gt;
+                        &lt;span&gt;
+                          =
+                          &lt;span
+                            style={Object {}}
+                          &gt;
                             {
                             &lt;span
                               style={
                                 Object {
                                   &quot;color&quot;: &quot;#666&quot;,
                                 }
                               }
                             &gt;
                               [
                               &lt;span&gt;
-                                {
                                 &lt;span
                                   style={
                                     Object {
                                       &quot;color&quot;: &quot;#666&quot;,
                                     }
                                   }
                                 &gt;
                                   {
-                                  &lt;span
-                                    style={
-                                      Object {
-                                        &quot;color&quot;: &quot;#666&quot;,
+                                  &lt;span&gt;
+                                    &lt;span&gt;
+                                      &lt;br /&gt;
+                                          
+                                        
+                                    &lt;/span&gt;
+                                    &lt;span
+                                      style={
+                                        Object {
+                                          &quot;color&quot;: &quot;#666&quot;,
+                                        }
                                       }
-                                    }
-                                  &gt;
-                                    id
+                                    &gt;
+                                      id
+                                    &lt;/span&gt;
                                   &lt;/span&gt;
                                   : 
                                   &lt;span
                                     style={
                                       Object {
                                         &quot;color&quot;: &quot;#22a&quot;,
                                         &quot;wordBreak&quot;: &quot;break-word&quot;,
                                       }
                                     }
                                   &gt;
-                                    &quot;
-                                    1
-                                    &quot;
+                                    &apos;1&apos;
                                   &lt;/span&gt;
-                                  , 
-                                  &lt;span
-                                    style={
-                                      Object {
-                                        &quot;color&quot;: &quot;#666&quot;,
+                                  ,
+                                  &lt;span&gt;
+                                    &lt;span&gt;
+                                      &lt;br /&gt;
+                                          
+                                        
+                                    &lt;/span&gt;
+                                    &lt;span
+                                      style={
+                                        Object {
+                                          &quot;color&quot;: &quot;#666&quot;,
+                                        }
                                       }
-                                    }
-                                  &gt;
-                                    name
+                                    &gt;
+                                      name
+                                    &lt;/span&gt;
                                   &lt;/span&gt;
                                   : 
                                   &lt;span
                                     style={
                                       Object {
                                         &quot;color&quot;: &quot;#22a&quot;,
                                         &quot;wordBreak&quot;: &quot;break-word&quot;,
                                       }
                                     }
                                   &gt;
-                                    &quot;
-                                    Name
-                                    &quot;
+                                    &apos;Name&apos;
                                   &lt;/span&gt;
-                                  , 
-                                  &lt;span
-                                    style={
-                                      Object {
-                                        &quot;color&quot;: &quot;#666&quot;,
+                                  ,
+                                  &lt;span&gt;
+                                    &lt;span&gt;
+                                      &lt;br /&gt;
+                                          
+                                        
+                                    &lt;/span&gt;
+                                    &lt;span
+                                      style={
+                                        Object {
+                                          &quot;color&quot;: &quot;#666&quot;,
+                                        }
                                       }
-                                    }
-                                  &gt;
-                                    icon
+                                    &gt;
+                                      icon
+                                    &lt;/span&gt;
                                   &lt;/span&gt;
                                   : 
                                   &lt;span
                                     style={
                                       Object {
                                         &quot;color&quot;: &quot;#22a&quot;,
                                         &quot;wordBreak&quot;: &quot;break-word&quot;,
                                       }
                                     }
                                   &gt;
-                                    &quot;
-                                    menu
-                                    &quot;
+                                    &apos;menu&apos;
                                   &lt;/span&gt;
-                                  , 
-                                  …
+                                  ,
+                                  &lt;span&gt;
+                                    &lt;span&gt;
+                                      &lt;br /&gt;
+                                          
+                                        
+                                    &lt;/span&gt;
+                                    …
+                                  &lt;/span&gt;
+                                  &lt;span&gt;
+                                    &lt;br /&gt;
+                                        
+                                  &lt;/span&gt;
                                   }
                                 &lt;/span&gt;
-                                }
                               &lt;/span&gt;
                               ]
                             &lt;/span&gt;
                             }
                           &lt;/span&gt;
                         &lt;/span&gt;
+                        &lt;br /&gt;
                       &lt;/span&gt;
-                      &lt;br /&gt;
                     &lt;/span&gt;
-                  &lt;/span&gt;
-                  &lt;span
-                    style={
-                      Object {
-                        &quot;color&quot;: &quot;#777&quot;,
+                    &lt;span
+                      style={
+                        Object {
+                          &quot;color&quot;: &quot;#777&quot;,
+                        }
                       }
-                    }
+                    &gt;
+                      /&amp;gt;
+                    &lt;/span&gt;
+                  &lt;/div&gt;
+                &lt;/div&gt;
+                &lt;button
+                  className=&quot;css-gydez8&quot;
+                  onClick={[Function]}
+                &gt;
+                  &lt;div
+                    className=&quot;css-kv47nt&quot;
                   &gt;
-                    /&amp;gt;
-                  &lt;/span&gt;
-                &lt;/div&gt;
+                    &lt;div
+                      style={
+                        Object {
+                          &quot;marginBottom&quot;: 6,
+                        }
+                      }
+                    &gt;
+                      Copied!
+                    &lt;/div&gt;
+                    &lt;div&gt;
+                      Copy
+                    &lt;/div&gt;
+                  &lt;/div&gt;
+                &lt;/button&gt;
               &lt;/pre&gt;
             &lt;/div&gt;
             &lt;div&gt;
               &lt;h1
                 style={
    at match (/Users/pooler/Documents/ja/MapaPL/node_modules/@storybook/addon-storyshots/dist/test-bodies.js:27:22)
    at /Users/pooler/Documents/ja/MapaPL/node_modules/@storybook/addon-storyshots/dist/test-bodies.js:39:12
    at Object.&lt;anonymous&gt; (/Users/pooler/Documents/ja/MapaPL/node_modules/@storybook/addon-storyshots/dist/index.js:125:20)
    at Object.asyncFn (/Users/pooler/Documents/ja/MapaPL/node_modules/jest-jasmine2/build/jasmine-async.js:68:30)
    at resolve (/Users/pooler/Documents/ja/MapaPL/node_modules/jest-jasmine2/build/queueRunner.js:38:12)
    at new Promise (&lt;anonymous&gt;)
    at mapper (/Users/pooler/Documents/ja/MapaPL/node_modules/jest-jasmine2/build/queueRunner.js:31:21)
    at Promise.resolve.then.el (/Users/pooler/Documents/ja/MapaPL/node_modules/p-map/index.js:46:16)
    at process._tickCallback (internal/process/next_tick.js:68:7)</failure>
    </testcase>
    <testcase classname=" renders without crashing when open true" name=" renders without crashing when open true" time="0.002">
    </testcase>
    <testcase classname=" renders without crashing when open false" name=" renders without crashing when open false" time="0.001">
    </testcase>
  </testsuite>
  <testsuite name="Storyshots" errors="0" failures="4" skipped="0" timestamp="2018-06-11T21:06:16" time="3.132" tests="5">
    <testcase classname="Storyshots ListItem default" name="Storyshots ListItem default" time="0.292">
      <failure>Error: expect(value).toMatchSnapshot()

Received value does not match stored snapshot 1.

- Snapshot
+ Received

@@ -44,14 +44,14 @@
           onTouchStart={[Function]}
           role=&quot;button&quot;
           tabIndex=&quot;0&quot;
         &gt;
           &lt;div
-            className=&quot;MuiListItemText-root-14 MuiListItemText-inset-15&quot;
+            className=&quot;MuiListItemText-root-15 MuiListItemText-inset-16&quot;
           /&gt;
           &lt;span
-            className=&quot;MuiTouchRipple-root-20&quot;
+            className=&quot;MuiTouchRipple-root-21&quot;
           /&gt;
         &lt;/div&gt;
       &lt;/div&gt;
       &lt;button
         onClick={[Function]}
@@ -200,50 +200,64 @@
                 }
               &gt;
                 Story Source
               &lt;/h1&gt;
               &lt;pre
-                style={
-                  Object {
-                    &quot;backgroundColor&quot;: &quot;#fafafa&quot;,
-                    &quot;fontFamily&quot;: &quot;Menlo, Monaco, &quot;Courier New&quot;, monospace&quot;,
-                    &quot;fontSize&quot;: &quot;.88em&quot;,
-                    &quot;lineHeight&quot;: 1.5,
-                    &quot;overflowX&quot;: &quot;scroll&quot;,
-                    &quot;padding&quot;: &quot;.5rem&quot;,
-                  }
-                }
+                className=&quot;css-4akams&quot;
               &gt;
-                &lt;div
-                  style={
-                    Object {
-                      &quot;paddingLeft&quot;: 18,
-                      &quot;paddingRight&quot;: 3,
-                    }
-                  }
-                &gt;
-                  &lt;span
+                &lt;div&gt;
+                  &lt;div
                     style={
                       Object {
-                        &quot;color&quot;: &quot;#777&quot;,
+                        &quot;paddingLeft&quot;: 18,
+                        &quot;paddingRight&quot;: 3,
                       }
                     }
                   &gt;
-                    &amp;lt;
-                    WithStyles(ListItems)
-                  &lt;/span&gt;
-                  &lt;span /&gt;
-                  &lt;span
-                    style={
-                      Object {
-                        &quot;color&quot;: &quot;#777&quot;,
+                    &lt;span
+                      style={
+                        Object {
+                          &quot;color&quot;: &quot;#777&quot;,
+                        }
                       }
-                    }
+                    &gt;
+                      &amp;lt;
+                      WithStyles(ListItems)
+                    &lt;/span&gt;
+                    &lt;span /&gt;
+                    &lt;span
+                      style={
+                        Object {
+                          &quot;color&quot;: &quot;#777&quot;,
+                        }
[...]
-                    &amp;lt;
-                    WithStyles(ListItems)
-                  &lt;/span&gt;
-                  &lt;span&gt;
+                    &lt;span
+                      style={
+                        Object {
+                          &quot;color&quot;: &quot;#777&quot;,
+                        }
+                      }
+                    &gt;
+                      &amp;lt;
+                      WithStyles(ListItems)
+                    &lt;/span&gt;
                     &lt;span&gt;
                       &lt;span&gt;
-                        &lt;br /&gt;
-                          
-                      &lt;/span&gt;
-                      &lt;span
-                        style={Object {}}
-                      &gt;
-                        id
-                      &lt;/span&gt;
-                      &lt;span&gt;
-                        =
+                        &lt;span&gt;
+                          &lt;br /&gt;
+                            
+                        &lt;/span&gt;
                         &lt;span
                           style={Object {}}
                         &gt;
+                          id
+                        &lt;/span&gt;
+                        &lt;span&gt;
+                          =
                           &lt;span
-                            style={
-                              Object {
-                                &quot;color&quot;: &quot;#22a&quot;,
-                                &quot;wordBreak&quot;: &quot;break-word&quot;,
-                              }
-                            }
+                            style={Object {}}
                           &gt;
                             &quot;
-                            0
+                            &lt;span
+                              style={
+                                Object {
+                                  &quot;color&quot;: &quot;#22a&quot;,
+                                  &quot;wordBreak&quot;: &quot;break-word&quot;,
+                                }
+                              }
+                            &gt;
+                              0
+                            &lt;/span&gt;
                             &quot;
                           &lt;/span&gt;
                         &lt;/span&gt;
                       &lt;/span&gt;
-                    &lt;/span&gt;
-                    &lt;span&gt;
                       &lt;span&gt;
-                        &lt;br /&gt;
-                          
-                      &lt;/span&gt;
-                      &lt;span
-                        style={Object {}}
-                      &gt;
-                        name
-                      &lt;/span&gt;
-                      &lt;span&gt;
-                        =
+                        &lt;span&gt;
+                          &lt;br /&gt;
+                            
+                        &lt;/span&gt;
                         &lt;span
                           style={Object {}}
                         &gt;
+                          name
+                        &lt;/span&gt;
+                        &lt;span&gt;
+                          =
                           &lt;span
-                            style={
-                              Object {
-                                &quot;color&quot;: &quot;#22a&quot;,
-                                &quot;wordBreak&quot;: &quot;break-word&quot;,
-                              }
-                            }
+                            style={Object {}}
                           &gt;
                             &quot;
-                            Name
+                            &lt;span
+                              style={
+                                Object {
+                                  &quot;color&quot;: &quot;#22a&quot;,
+                                  &quot;wordBreak&quot;: &quot;break-word&quot;,
+                                }
+                              }
+                            &gt;
+                              Name
+                            &lt;/span&gt;
                             &quot;
                           &lt;/span&gt;
                         &lt;/span&gt;
                       &lt;/span&gt;
-                    &lt;/span&gt;
-                    &lt;span&gt;
                       &lt;span&gt;
-                        &lt;br /&gt;
-                          
-                      &lt;/span&gt;
-                      &lt;span
-                        style={Object {}}
-                      &gt;
-                        handleClick
-                      &lt;/span&gt;
-                      &lt;span&gt;
-                        =
+                        &lt;span&gt;
+                          &lt;br /&gt;
+                            
+                        &lt;/span&gt;
                         &lt;span
                           style={Object {}}
                         &gt;
-                          &lt;span&gt;
+                          handleClick
+                        &lt;/span&gt;
+                        &lt;span&gt;
+                          =
+                          &lt;span
+                            style={Object {}}
+                          &gt;
                             {
                             &lt;span
                               style={
                                 Object {
                                   &quot;color&quot;: &quot;#170&quot;,
@@ -341,27 +332,25 @@
                             &lt;/span&gt;
                             }
                           &lt;/span&gt;
                         &lt;/span&gt;
                       &lt;/span&gt;
-                    &lt;/span&gt;
-                    &lt;span&gt;
                       &lt;span&gt;
-                        &lt;br /&gt;
-                          
-                      &lt;/span&gt;
-                      &lt;span
-                        style={Object {}}
-                      &gt;
-                        onSelectPlace
-                      &lt;/span&gt;
-                      &lt;span&gt;
-                        =
+                        &lt;span&gt;
+                          &lt;br /&gt;
+                            
+                        &lt;/span&gt;
                         &lt;span
                           style={Object {}}
                         &gt;
-                          &lt;span&gt;
+                          onSelectPlace
+                        &lt;/span&gt;
+                        &lt;span&gt;
+                          =
+                          &lt;span
+                            style={Object {}}
+                          &gt;
                             {
                             &lt;span
                               style={
                                 Object {
                                   &quot;color&quot;: &quot;#170&quot;,
@@ -372,169 +361,212 @@
                             &lt;/span&gt;
                             }
                           &lt;/span&gt;
                         &lt;/span&gt;
                       &lt;/span&gt;
-                    &lt;/span&gt;
-                    &lt;span&gt;
                       &lt;span&gt;
-                        &lt;br /&gt;
-                          
-                      &lt;/span&gt;
-                      &lt;span
-                        style={Object {}}
-                      &gt;
-                        icon
-                      &lt;/span&gt;
-                      &lt;span&gt;
-                        =
+                        &lt;span&gt;
+                          &lt;br /&gt;
+                            
+                        &lt;/span&gt;
                         &lt;span
                           style={Object {}}
                         &gt;
+                          icon
+                        &lt;/span&gt;
+                        &lt;span&gt;
+                          =
                           &lt;span
-                            style={
-                              Object {
-                                &quot;color&quot;: &quot;#22a&quot;,
-                                &quot;wordBreak&quot;: &quot;break-word&quot;,
-                              }
-                            }
+                            style={Object {}}
                           &gt;
                             &quot;
-                            menu
+                            &lt;span
+                              style={
+                                Object {
+                                  &quot;color&quot;: &quot;#22a&quot;,
+                                  &quot;wordBreak&quot;: &quot;break-word&quot;,
+                                }
+                              }
+                            &gt;
+                              menu
+                            &lt;/span&gt;
                             &quot;
                           &lt;/span&gt;
                         &lt;/span&gt;
                       &lt;/span&gt;
-                    &lt;/span&gt;
-                    &lt;span&gt;
                       &lt;span&gt;
-                        &lt;br /&gt;
-                          
-                      &lt;/span&gt;
-                      &lt;span
-                        style={Object {}}
-                      &gt;
-                        subcategory
-                      &lt;/span&gt;
-                      &lt;span&gt;
-                        =
+                        &lt;span&gt;
+                          &lt;br /&gt;
+                            
+                        &lt;/span&gt;
                         &lt;span
                           style={Object {}}
                         &gt;
-                          &lt;span&gt;
+                          subcategory
+                        &lt;/span&gt;
+                        &lt;span&gt;
+                          =
+                          &lt;span
+                            style={Object {}}
+                          &gt;
                             {
                             &lt;span
                               style={
                                 Object {
                                   &quot;color&quot;: &quot;#666&quot;,
                                 }
                               }
                             &gt;
                               [
                               &lt;span&gt;
-                                {
                                 &lt;span
                                   style={
                                     Object {
                                       &quot;color&quot;: &quot;#666&quot;,
                                     }
                                   }
                                 &gt;
                                   {
-                                  &lt;span
-                                    style={
-                                      Object {
-                                        &quot;color&quot;: &quot;#666&quot;,
+                                  &lt;span&gt;
+                                    &lt;span&gt;
+                                      &lt;br /&gt;
+                                          
+                                        
+                                    &lt;/span&gt;
+                                    &lt;span
+                                      style={
+                                        Object {
+                                          &quot;color&quot;: &quot;#666&quot;,
+                                        }
                                       }
-                                    }
-                                  &gt;
-                                    id
+                                    &gt;
+                                      id
+                                    &lt;/span&gt;
                                   &lt;/span&gt;
                                   : 
                                   &lt;span
                                     style={
                                       Object {
                                         &quot;color&quot;: &quot;#22a&quot;,
                                         &quot;wordBreak&quot;: &quot;break-word&quot;,
                                       }
                                     }
                                   &gt;
-                                    &quot;
-                                    1
-                                    &quot;
+                                    &apos;1&apos;
                                   &lt;/span&gt;
-                                  , 
-                                  &lt;span
-                                    style={
-                                      Object {
-                                        &quot;color&quot;: &quot;#666&quot;,
+                                  ,
+                                  &lt;span&gt;
+                                    &lt;span&gt;
+                                      &lt;br /&gt;
+                                          
+                                        
+                                    &lt;/span&gt;
+                                    &lt;span
+                                      style={
+                                        Object {
+                                          &quot;color&quot;: &quot;#666&quot;,
+                                        }
                                       }
-                                    }
-                                  &gt;
-                                    name
+                                    &gt;
+                                      name
+                                    &lt;/span&gt;
                                   &lt;/span&gt;
                                   : 
                                   &lt;span
                                     style={
                                       Object {
                                         &quot;color&quot;: &quot;#22a&quot;,
                                         &quot;wordBreak&quot;: &quot;break-word&quot;,
                                       }
                                     }
                                   &gt;
-                                    &quot;
-                                    Name
-                                    &quot;
+                                    &apos;Name&apos;
                                   &lt;/span&gt;
-                                  , 
-                                  &lt;span
-                                    style={
-                                      Object {
-                                        &quot;color&quot;: &quot;#666&quot;,
+                                  ,
+                                  &lt;span&gt;
+                                    &lt;span&gt;
+                                      &lt;br /&gt;
+                                          
+                                        
+                                    &lt;/span&gt;
+                                    &lt;span
+                                      style={
+                                        Object {
+                                          &quot;color&quot;: &quot;#666&quot;,
+                                        }
                                       }
-                                    }
-                                  &gt;
-                                    icon
+                                    &gt;
+                                      icon
+                                    &lt;/span&gt;
                                   &lt;/span&gt;
                                   : 
                                   &lt;span
                                     style={
                                       Object {
                                         &quot;color&quot;: &quot;#22a&quot;,
                                         &quot;wordBreak&quot;: &quot;break-word&quot;,
                                       }
                                     }
                                   &gt;
-                                    &quot;
-                                    menu
-                                    &quot;
+                                    &apos;menu&apos;
                                   &lt;/span&gt;
-                                  , 
-                                  …
+                                  ,
+                                  &lt;span&gt;
+                                    &lt;span&gt;
+                                      &lt;br /&gt;
+                                          
+                                        
+                                    &lt;/span&gt;
+                                    …
+                                  &lt;/span&gt;
+                                  &lt;span&gt;
+                                    &lt;br /&gt;
+                                        
+                                  &lt;/span&gt;
                                   }
                                 &lt;/span&gt;
-                                }
                               &lt;/span&gt;
                               ]
                             &lt;/span&gt;
                             }
                           &lt;/span&gt;
                         &lt;/span&gt;
+                        &lt;br /&gt;
                       &lt;/span&gt;
-                      &lt;br /&gt;
                     &lt;/span&gt;
-                  &lt;/span&gt;
-                  &lt;span
-                    style={
-                      Object {
-                        &quot;color&quot;: &quot;#777&quot;,
+                    &lt;span
+                      style={
+                        Object {
+                          &quot;color&quot;: &quot;#777&quot;,
+                        }
                       }
-                    }
+                    &gt;
+                      /&amp;gt;
+                    &lt;/span&gt;
+                  &lt;/div&gt;
+                &lt;/div&gt;
+                &lt;button
+                  className=&quot;css-gydez8&quot;
+                  onClick={[Function]}
+                &gt;
+                  &lt;div
+                    className=&quot;css-kv47nt&quot;
                   &gt;
-                    /&amp;gt;
-                  &lt;/span&gt;
-                &lt;/div&gt;
+                    &lt;div
+                      style={
+                        Object {
+                          &quot;marginBottom&quot;: 6,
+                        }
+                      }
+                    &gt;
+                      Copied!
+                    &lt;/div&gt;
+                    &lt;div&gt;
+                      Copy
+                    &lt;/div&gt;
+                  &lt;/div&gt;
+                &lt;/button&gt;
               &lt;/pre&gt;
             &lt;/div&gt;
             &lt;div&gt;
               &lt;h1
                 style={
    at match (/Users/pooler/Documents/ja/MapaPL/node_modules/@storybook/addon-storyshots/dist/test-bodies.js:27:22)
    at /Users/pooler/Documents/ja/MapaPL/node_modules/@storybook/addon-storyshots/dist/test-bodies.js:39:12
    at Object.&lt;anonymous&gt; (/Users/pooler/Documents/ja/MapaPL/node_modules/@storybook/addon-storyshots/dist/index.js:125:20)
    at Object.asyncFn (/Users/pooler/Documents/ja/MapaPL/node_modules/jest-jasmine2/build/jasmine-async.js:68:30)
    at resolve (/Users/pooler/Documents/ja/MapaPL/node_modules/jest-jasmine2/build/queueRunner.js:38:12)
    at new Promise (&lt;anonymous&gt;)
    at mapper (/Users/pooler/Documents/ja/MapaPL/node_modules/jest-jasmine2/build/queueRunner.js:31:21)
    at Promise.resolve.then.el (/Users/pooler/Documents/ja/MapaPL/node_modules/p-map/index.js:46:16)</failure>
    </testcase>
  </testsuite>
</testsuites>